[2018-07-13 13:54:50,801] 9e5f9b3:1 dev - ran command: `ls`
[2018-07-13 13:58:18,027] 9e5f9b3:1 dev - ran command: `ls`
[2018-07-13 13:58:40,374] 9e5f9b3:1 dev - ran command: `ls`
[2018-07-13 13:59:40,208] 9e5f9b3:1 dev - ran command: `ls`
[2018-07-13 14:10:34,886] 9e5f9b3:1 dev - ran command: `ls`
[2018-07-13 14:11:33,133] 5ab4c6f:1 dev - ran command: `ls`
[2018-07-13 14:12:43,071] 65e4781:1 dev - ran command: `ls`
[2018-07-13 14:24:56,514] 9e80953:1 dev - ran command: `ls`
[2018-07-13 14:25:37,141] a9e18f9:1 dev - ran command: `ls`
[2018-07-13 15:04:05,858] bf766ca:1 dev - ran command: `ls`
[2018-07-13 15:06:32,868] 7ddb137:1 dev - ran command: `ls`
[2018-07-16 16:53:29,418] 196062c:1 dev - ran command: `ls`
[2018-07-16 18:23:13,147] 2babfdc:1 dev - ran command: ``
[2018-07-16 18:24:40,336] e483913:1 dev - ran command: `--home=/home/dev/.ctl`
[2018-07-16 18:25:25,262] 524d511:1 dev - ran command: `--home=/home/dev/.ctl`
[2018-07-16 18:39:35,595] 81f6528:1 dev - ran command: `--home=/home/dev/.ctl`
[2018-07-17 07:51:16,726] dd52b48:1 dev - ran command: `ls`
[2018-07-17 07:51:53,042] 1d605db:1 dev - ran command: `ls`
[2018-07-17 07:52:07,672] 1bbdd34:1 dev - ran command: `ls`
[2018-07-17 07:54:41,415] ae48692:1 dev - [usage] ran command: `ls`
[2018-07-17 07:55:41,141] 647272a:1 dev - [usage] ran command: `ls`
[2018-07-17 07:56:09,630] [usage] 5e7ba64:1 dev - ran command: `ls`
[2018-07-17 12:11:34,737] [usage] f7a7853:1 dev - ran command: `ls`
[2018-07-17 12:11:43,727] [usage] d85bfc3:1 dev - ran command: `ls --home=.`
[2018-07-17 12:14:20,780] [usage] bf13551:1 dev - ran command: `--help`
[2018-07-18 08:24:37,006] [usage] d076eaf:1 dev - ran command: `ls`
[2018-07-18 08:25:08,633] [usage] ran command: `ls`
[2018-07-18 08:27:18,086] [usage] 30de39a:1 dev - ran command: `ls`
[2018-07-18 09:01:07,091] [usage] bdb3441:1 dev - ran command: `ls`
[2018-07-18 09:06:09,858] [usage] e2d5ade:1 dev - ran command: `ls`
[2018-07-18 09:07:38,206] [usage] a3d5f77:1 dev - ran command: `ls`
[2018-07-18 09:08:14,846] [usage] ab64d3f:1 dev - ran command: `ls`
[2018-07-18 09:09:07,779] [usage] 9dd12de:1 dev - ran command: `ls`
[2018-07-18 09:15:17,794] [usage] 0275cf1:1 dev - ran command: `ls`
[2018-07-18 09:16:25,292] [usage] cd988ea:1 dev - ran command: `ls`
[2018-07-18 09:37:30,895] [usage] d3e4846:1 dev - ran command: `ls`
[2018-07-18 09:39:06,968] [usage] b604683:1 dev - ran command: `ls`
[2018-07-18 09:39:57,264] [usage] 9e43293:1 dev - ran command: `ls`
[2018-07-18 10:53:43,715] [usage] 75675aa:1 dev - ran command: `ls`
[2018-07-18 10:54:00,637] [usage] b61e20a:1 dev - ran command: `ls`
[2018-07-18 10:54:46,647] [usage] 70f51fd:1 dev - ran command: `ls`
[2018-07-18 10:55:46,585] [usage] 7194ad1:1 dev - ran command: `ls`
[2018-07-18 10:56:44,155] [usage] f962445:1 dev - ran command: `ls`
[2018-07-18 10:57:49,537] [usage] c98fce2:1 dev - ran command: `ls`
[2018-07-18 10:58:13,559] [usage] 5aaa868:1 dev - ran command: `ls`
[2018-07-18 10:59:43,566] [usage] a494cf8:1 dev - ran command: `ls`
[2018-07-18 11:01:10,136] [usage] f901d12:1 dev - ran command: `ls`
[2018-07-18 11:03:32,986] [usage] 00bca0f:1 dev - ran command: `ls`
